IMLib/build/outputs/logs/manifest-merger-release-report.txt
-- Merging decision tree log ---
manifest
ADDED from SexStroy\IMLib\AndroidManifest.xml:1:1-65:12
INJECTED from SexStroy\IMLib\AndroidManifest.xml:1:1-65:12
INJECTED from SexStroy\IMLib\AndroidManifest.xml:1:1-65:12
INJECTED from SexStroy\IMLib\AndroidManifest.xml:1:1-65:12
INJECTED from SexStroy\IMLib\AndroidManifest.xml:1:1-65:12
INJECTED from SexStroy\IMLib\AndroidManifest.xml:1:1-65:12
INJECTED from SexStroy\IMLib\AndroidManifest.xml:1:1-65:12
	package
		ADDED from SexStroy\IMLib\AndroidManifest.xml:2:5-28
		INJECTED from SexStroy\IMLib\AndroidManifest.xml
		INJECTED from SexStroy\IMLib\AndroidManifest.xml
	android:versionName
		INJECTED from SexStroy\IMLib\AndroidManifest.xml
		ADDED from SexStroy\IMLib\AndroidManifest.xml:1:1-65:12
		INJECTED from SexStroy\IMLib\AndroidManifest.xml
	android:versionCode
		INJECTED from SexStroy\IMLib\AndroidManifest.xml
		ADDED from SexStroy\IMLib\AndroidManifest.xml:1:1-65:12
		INJECTED from SexStroy\IMLib\AndroidManifest.xml
	xmlns:android
		ADDED from SexStroy\IMLib\AndroidManifest.xml:1:11-69
uses-permission#android.permission.WRITE_EXTERNAL_STORAGE
ADDED from SexStroy\IMLib\AndroidManifest.xml:5:5-81
	android:name
		ADDED from SexStroy\IMLib\AndroidManifest.xml:5:22-78
uses-permission#android.permission.INTERNET
ADDED from SexStroy\IMLib\AndroidManifest.xml:7:5-67
	android:name
		ADDED from SexStroy\IMLib\AndroidManifest.xml:7:22-64
uses-permission#android.permission.ACCESS_NETWORK_STATE
ADDED from SexStroy\IMLib\AndroidManifest.xml:8:5-79
	android:name
		ADDED from SexStroy\IMLib\AndroidManifest.xml:8:22-76
uses-permission#android.permission.ACCESS_WIFI_STATE
ADDED from SexStroy\IMLib\AndroidManifest.xml:9:5-76
	android:name
		ADDED from SexStroy\IMLib\AndroidManifest.xml:9:22-73
uses-permission#android.permission.WAKE_LOCK
ADDED from SexStroy\IMLib\AndroidManifest.xml:11:5-68
	android:name
		ADDED from SexStroy\IMLib\AndroidManifest.xml:11:22-65
uses-permission#android.permission.ACCESS_FINE_LOCATION
ADDED from SexStroy\IMLib\AndroidManifest.xml:13:5-79
	android:name
		ADDED from SexStroy\IMLib\AndroidManifest.xml:13:22-76
application
ADDED from SexStroy\IMLib\AndroidManifest.xml:15:5-63:19
meta-data#RONG_CLOUD_APP_KEY
ADDED from SexStroy\IMLib\AndroidManifest.xml:18:9-20:43
	android:value
		ADDED from SexStroy\IMLib\AndroidManifest.xml:20:13-40
	android:name
		ADDED from SexStroy\IMLib\AndroidManifest.xml:19:13-46
service#io.rong.imlib.ipc.RongService
ADDED from SexStroy\IMLib\AndroidManifest.xml:22:9-24:38
	android:process
		ADDED from SexStroy\IMLib\AndroidManifest.xml:24:13-35
	android:name
		ADDED from SexStroy\IMLib\AndroidManifest.xml:23:13-57
receiver#io.rong.imlib.ConnectChangeReceiver
ADDED from SexStroy\IMLib\AndroidManifest.xml:26:9-28:15
	android:name
		ADDED from SexStroy\IMLib\AndroidManifest.xml:27:13-63
receiver#io.rong.imlib.HeartbeatReceiver
ADDED from SexStroy\IMLib\AndroidManifest.xml:30:9-32:38
	android:process
		ADDED from SexStroy\IMLib\AndroidManifest.xml:32:13-35
	android:name
		ADDED from SexStroy\IMLib\AndroidManifest.xml:31:13-59
service#io.rong.push.rongpush.PushService
ADDED from SexStroy\IMLib\AndroidManifest.xml:36:9-40:46
	android:process
		ADDED from SexStroy\IMLib\AndroidManifest.xml:40:13-43
	android:exported
		ADDED from SexStroy\IMLib\AndroidManifest.xml:38:13-36
	android:permission
		ADDED from SexStroy\IMLib\AndroidManifest.xml:39:13-69
	android:name
		ADDED from SexStroy\IMLib\AndroidManifest.xml:37:13-61
receiver#io.rong.push.rongpush.PushReceiver
ADDED from SexStroy\IMLib\AndroidManifest.xml:43:9-58:20
	android:process
		ADDED from SexStroy\IMLib\AndroidManifest.xml:45:13-43
	android:name
		ADDED from SexStroy\IMLib\AndroidManifest.xml:44:13-62
intent-filter#android.net.conn.CONNECTIVITY_CHANGE+io.rong.push.intent.action.HEART_BEAT
ADDED from SexStroy\IMLib\AndroidManifest.xml:47:13-50:29
action#io.rong.push.intent.action.HEART_BEAT
ADDED from SexStroy\IMLib\AndroidManifest.xml:48:17-80
	android:name
		ADDED from SexStroy\IMLib\AndroidManifest.xml:48:25-77
action#android.net.conn.CONNECTIVITY_CHANGE
ADDED from SexStroy\IMLib\AndroidManifest.xml:49:17-79
	android:name
		ADDED from SexStroy\IMLib\AndroidManifest.xml:49:25-76
intent-filter#android.intent.action.ACTION_POWER_CONNECTED+android.intent.action.ACTION_POWER_DISCONNECTED+android.intent.action.USER_PRESENT
ADDED from SexStroy\IMLib\AndroidManifest.xml:53:13-57:29
action#android.intent.action.USER_PRESENT
ADDED from SexStroy\IMLib\AndroidManifest.xml:54:17-77
	android:name
		ADDED from SexStroy\IMLib\AndroidManifest.xml:54:25-74
action#android.intent.action.ACTION_POWER_CONNECTED
ADDED from SexStroy\IMLib\AndroidManifest.xml:55:17-87
	android:name
		ADDED from SexStroy\IMLib\AndroidManifest.xml:55:25-84
action#android.intent.action.ACTION_POWER_DISCONNECTED
ADDED from SexStroy\IMLib\AndroidManifest.xml:56:17-90
	android:name
		ADDED from SexStroy\IMLib\AndroidManifest.xml:56:25-87
uses-sdk
INJECTED from SexStroy\IMLib\AndroidManifest.xml reason: use-sdk injection requested
INJECTED from SexStroy\IMLib\AndroidManifest.xml
INJECTED from SexStroy\IMLib\AndroidManifest.xml
INJECTED from SexStroy\IMLib\AndroidManifest.xml
INJECTED from SexStroy\IMLib\AndroidManifest.xml
	android:targetSdkVersion
		INJECTED from SexStroy\IMLib\AndroidManifest.xml
		ADDED from SexStroy\IMLib\AndroidManifest.xml
		INJECTED from SexStroy\IMLib\AndroidManifest.xml
	android:minSdkVersion
		INJECTED from SexStroy\IMLib\AndroidManifest.xml
		ADDED from SexStroy\IMLib\AndroidManifest.xml
		INJECTED from SexStroy\IMLib\AndroidManifest.xml